[debug] [2022-08-31T01:47:24.103Z] ----------------------------------------------------------------------
[debug] [2022-08-31T01:47:24.105Z] Command:       C:\Program Files\nodejs\node.exe C:\Users\melka\AppData\Roaming\npm\node_modules\firebase-tools\lib\bin\firebase.js emulators:start
[debug] [2022-08-31T01:47:24.105Z] CLI Version:   11.7.0
[debug] [2022-08-31T01:47:24.105Z] Platform:      win32
[debug] [2022-08-31T01:47:24.106Z] Node Version:  v16.15.1
[debug] [2022-08-31T01:47:24.107Z] Time:          Tue Aug 30 2022 21:47:24 GMT-0400 (Eastern Daylight Time)
[debug] [2022-08-31T01:47:24.107Z] ----------------------------------------------------------------------
[debug] 
[debug] [2022-08-31T01:47:24.173Z] > command requires scopes: ["email","openid","https://www.googleapis.com/auth/cloudplatformprojects.readonly","https://www.googleapis.com/auth/firebase","https://www.googleapis.com/auth/cloud-platform"]
[debug] [2022-08-31T01:47:24.174Z] > authorizing via signed-in user (melkamuolana23@gmail.com)
[info] i  emulators: Starting emulators: functions {"metadata":{"emulator":{"name":"hub"},"message":"Starting emulators: functions"}}
[debug] [2022-08-31T01:47:24.200Z] [hub] writing locator at C:\Users\melka\AppData\Local\Temp\hub-fir-f9698.json
[warn] !  functions: The following emulators are not running, calls to these services from the Functions emulator will affect production: auth, firestore, database, hosting, pubsub, storage, eventarc {"metadata":{"emulator":{"name":"functions"},"message":"The following emulators are not running, calls to these services from the Functions emulator will affect production: \u001b[1mauth, firestore, database, hosting, pubsub, storage, eventarc\u001b[22m"}}
[info] +  functions: Using node@16 from host. {"metadata":{"emulator":{"name":"functions"},"message":"Using node@16 from host."}}
[debug] [2022-08-31T01:47:24.270Z] defaultcredentials: writing to file C:\Users\melka\AppData\Roaming\firebase\melkamuolana23_gmail_com_application_default_credentials.json
[debug] [2022-08-31T01:47:24.274Z] Setting GAC to C:\Users\melka\AppData\Roaming\firebase\melkamuolana23_gmail_com_application_default_credentials.json {"metadata":{"emulator":{"name":"functions"},"message":"Setting GAC to C:\\Users\\melka\\AppData\\Roaming\\firebase\\melkamuolana23_gmail_com_application_default_credentials.json"}}
[debug] [2022-08-31T01:47:24.276Z] >>> [apiv2][query] GET https://firebase.googleapis.com/v1beta1/projects/fir-f9698/adminSdkConfig [none]
[debug] [2022-08-31T01:47:24.746Z] <<< [apiv2][status] GET https://firebase.googleapis.com/v1beta1/projects/fir-f9698/adminSdkConfig 200
[debug] [2022-08-31T01:47:24.747Z] <<< [apiv2][body] GET https://firebase.googleapis.com/v1beta1/projects/fir-f9698/adminSdkConfig {"projectId":"fir-f9698","storageBucket":"fir-f9698.appspot.com","locationId":"us-central"}
[debug] [2022-08-31T01:47:24.816Z] Ignoring unsupported arg: auto_download {"metadata":{"emulator":{"name":"ui"},"message":"Ignoring unsupported arg: auto_download"}}
[debug] [2022-08-31T01:47:24.817Z] Ignoring unsupported arg: port {"metadata":{"emulator":{"name":"ui"},"message":"Ignoring unsupported arg: port"}}
[debug] [2022-08-31T01:47:24.817Z] Starting Emulator UI with command {"binary":"node","args":["C:\\Users\\melka\\.cache\\firebase\\emulators\\ui-v1.9.0\\server\\server.js"],"optionalArgs":[],"joinArgs":false} {"metadata":{"emulator":{"name":"ui"},"message":"Starting Emulator UI with command {\"binary\":\"node\",\"args\":[\"C:\\\\Users\\\\melka\\\\.cache\\\\firebase\\\\emulators\\\\ui-v1.9.0\\\\server\\\\server.js\"],\"optionalArgs\":[],\"joinArgs\":false}"}}
[info] i  ui: Emulator UI logging to ui-debug.log {"metadata":{"emulator":{"name":"ui"},"message":"Emulator UI logging to \u001b[1mui-debug.log\u001b[22m"}}
[debug] [2022-08-31T01:47:25.135Z] Web / API server started at localhost:4000
 {"metadata":{"emulator":{"name":"ui"},"message":"Web / API server started at localhost:4000\n"}}
[info] i  functions: Watching "C:\Users\melka\OneDrive\Desktop\evangadi\phase_3\Amazon-Project\amazon\functions" for Cloud Functions... {"metadata":{"emulator":{"name":"functions"},"message":"Watching \"C:\\Users\\melka\\OneDrive\\Desktop\\evangadi\\phase_3\\Amazon-Project\\amazon\\functions\" for Cloud Functions..."}}
[debug] [2022-08-31T01:47:25.275Z] Validating nodejs source
[debug] [2022-08-31T01:47:28.494Z] > [functions] package.json contents: {
  "name": "functions",
  "description": "Cloud Functions for Firebase",
  "scripts": {
    "lint": "eslint .",
    "serve": "firebase emulators:start --only functions",
    "shell": "firebase functions:shell",
    "start": "npm run shell",
    "deploy": "firebase deploy --only functions",
    "logs": "firebase functions:log"
  },
  "engines": {
    "node": "16"
  },
  "main": "index.js",
  "dependencies": {
    "cors": "^2.8.5",
    "express": "^4.18.1",
    "firebase-admin": "^10.0.2",
    "firebase-functions": "^3.18.0",
    "stripe": "^10.6.0"
  },
  "devDependencies": {
    "eslint": "^8.9.0",
    "eslint-config-google": "^0.14.0",
    "firebase-functions-test": "^0.2.0"
  },
  "private": true
}
[debug] [2022-08-31T01:47:28.494Z] Building nodejs source
[debug] [2022-08-31T01:47:28.495Z] Analyzing nodejs backend spec
[debug] [2022-08-31T01:47:28.497Z] Could not find functions.yaml. Must use http discovery
[debug] [2022-08-31T01:47:29.034Z] Serving at port 9005

[debug] [2022-08-31T01:47:29.194Z] Got response from /__/functions.yaml {"endpoints":{"api":{"platform":"gcfv1","httpsTrigger":{},"entryPoint":"api"}},"specVersion":"v1alpha1","requiredAPIs":[]}
[debug] [2022-08-31T01:47:29.201Z] shutdown requested via /__/quitquitquit

[info] +  functions: Loaded functions definitions from source: api. {"metadata":{"emulator":{"name":"functions"},"message":"Loaded functions definitions from source: api."}}
[info] +  functions[us-central1-api]: http function initialized (http://localhost:5001/fir-f9698/us-central1/api). {"metadata":{"emulator":{"name":"functions"},"message":"\u001b[1mhttp\u001b[22m function initialized (http://localhost:5001/fir-f9698/us-central1/api)."}}
[info] 
┌─────────────────────────────────────────────────────────────┐
│ ✔  All emulators ready! It is now safe to connect your app. │
│ i  View Emulator UI at http://localhost:4000                │
└─────────────────────────────────────────────────────────────┘

┌───────────┬────────────────┬─────────────────────────────────┐
│ Emulator  │ Host:Port      │ View in Emulator UI             │
├───────────┼────────────────┼─────────────────────────────────┤
│ Functions │ localhost:5001 │ http://localhost:4000/functions │
└───────────┴────────────────┴─────────────────────────────────┘
  Emulator Hub running at localhost:4400
  Other reserved ports: 4500

Issues? Report them at https://github.com/firebase/firebase-tools/issues and attach the *-debug.log files.
 
[debug] [2022-08-31T01:49:57.253Z] [work-queue] {"queueLength":1,"workRunningCount":0}
[debug] [2022-08-31T01:49:57.254Z] [work-queue] {"queueLength":0,"workRunningCount":1}
[debug] [2022-08-31T01:49:57.255Z] Accepted request POST /fir-f9698/us-central1/api/payments/create?total=83398 --> us-central1-api
[debug] [2022-08-31T01:49:57.414Z] [worker-pool] addWorker(us-central1-api) {"metadata":{"emulator":{"name":"functions"},"message":"[worker-pool] addWorker(us-central1-api)"}}
[debug] [2022-08-31T01:49:57.414Z] [worker-pool] Adding worker with key us-central1-api, total=1 {"metadata":{"emulator":{"name":"functions"},"message":"[worker-pool] Adding worker with key us-central1-api, total=1"}}
[debug] [2022-08-31T01:49:57.414Z] [worker-pool] submitWork(triggerId=us-central1-api) {"metadata":{"emulator":{"name":"functions"},"message":"[worker-pool] submitWork(triggerId=us-central1-api)"}}
[debug] [2022-08-31T01:49:57.415Z] [worker-us-central1-api-456054fe-1839-406d-8053-81c2847cc277]: BUSY {"metadata":{"emulator":{"name":"functions"},"message":"[worker-us-central1-api-456054fe-1839-406d-8053-81c2847cc277]: BUSY"}}
[debug] [2022-08-31T01:49:58.629Z] [runtime-status] [21804] Resolved module firebase-admin {"declared":true,"installed":true,"version":"10.3.0","resolution":"C:\\Users\\melka\\OneDrive\\Desktop\\evangadi\\phase_3\\Amazon-Project\\amazon\\functions\\node_modules\\firebase-admin\\lib\\index.js"} {"metadata":{"emulator":{"name":"functions"},"function":{"name":"us-central1-api"},"extension":{},"message":"[runtime-status] [21804] Resolved module firebase-admin {\"declared\":true,\"installed\":true,\"version\":\"10.3.0\",\"resolution\":\"C:\\\\Users\\\\melka\\\\OneDrive\\\\Desktop\\\\evangadi\\\\phase_3\\\\Amazon-Project\\\\amazon\\\\functions\\\\node_modules\\\\firebase-admin\\\\lib\\\\index.js\"}"}}
[debug] [2022-08-31T01:49:58.630Z] [runtime-status] [21804] Resolved module firebase-functions {"declared":true,"installed":true,"version":"3.22.0","resolution":"C:\\Users\\melka\\OneDrive\\Desktop\\evangadi\\phase_3\\Amazon-Project\\amazon\\functions\\node_modules\\firebase-functions\\lib\\index.js"} {"metadata":{"emulator":{"name":"functions"},"function":{"name":"us-central1-api"},"extension":{},"message":"[runtime-status] [21804] Resolved module firebase-functions {\"declared\":true,\"installed\":true,\"version\":\"3.22.0\",\"resolution\":\"C:\\\\Users\\\\melka\\\\OneDrive\\\\Desktop\\\\evangadi\\\\phase_3\\\\Amazon-Project\\\\amazon\\\\functions\\\\node_modules\\\\firebase-functions\\\\lib\\\\index.js\"}"}}
[debug] [2022-08-31T01:49:58.631Z] [runtime-status] [21804] Outgoing network have been stubbed. [{"name":"http","status":"mocked"},{"name":"http","status":"mocked"},{"name":"https","status":"mocked"},{"name":"https","status":"mocked"},{"name":"net","status":"mocked"}] {"metadata":{"emulator":{"name":"functions"},"function":{"name":"us-central1-api"},"extension":{},"message":"[runtime-status] [21804] Outgoing network have been stubbed. [{\"name\":\"http\",\"status\":\"mocked\"},{\"name\":\"http\",\"status\":\"mocked\"},{\"name\":\"https\",\"status\":\"mocked\"},{\"name\":\"https\",\"status\":\"mocked\"},{\"name\":\"net\",\"status\":\"mocked\"}]"}}
[debug] [2022-08-31T01:49:58.631Z] [runtime-status] [21804] Resolved module firebase-functions {"declared":true,"installed":true,"version":"3.22.0","resolution":"C:\\Users\\melka\\OneDrive\\Desktop\\evangadi\\phase_3\\Amazon-Project\\amazon\\functions\\node_modules\\firebase-functions\\lib\\index.js"} {"metadata":{"emulator":{"name":"functions"},"function":{"name":"us-central1-api"},"extension":{},"message":"[runtime-status] [21804] Resolved module firebase-functions {\"declared\":true,\"installed\":true,\"version\":\"3.22.0\",\"resolution\":\"C:\\\\Users\\\\melka\\\\OneDrive\\\\Desktop\\\\evangadi\\\\phase_3\\\\Amazon-Project\\\\amazon\\\\functions\\\\node_modules\\\\firebase-functions\\\\lib\\\\index.js\"}"}}
[debug] [2022-08-31T01:49:58.680Z] [runtime-status] [21804] Checked functions.config() {"config":{}} {"metadata":{"emulator":{"name":"functions"},"function":{"name":"us-central1-api"},"extension":{},"message":"[runtime-status] [21804] Checked functions.config() {\"config\":{}}"}}
[debug] [2022-08-31T01:49:58.681Z] [runtime-status] [21804] firebase-functions has been stubbed. {"functionsResolution":{"declared":true,"installed":true,"version":"3.22.0","resolution":"C:\\Users\\melka\\OneDrive\\Desktop\\evangadi\\phase_3\\Amazon-Project\\amazon\\functions\\node_modules\\firebase-functions\\lib\\index.js"}} {"metadata":{"emulator":{"name":"functions"},"function":{"name":"us-central1-api"},"extension":{},"message":"[runtime-status] [21804] firebase-functions has been stubbed. {\"functionsResolution\":{\"declared\":true,\"installed\":true,\"version\":\"3.22.0\",\"resolution\":\"C:\\\\Users\\\\melka\\\\OneDrive\\\\Desktop\\\\evangadi\\\\phase_3\\\\Amazon-Project\\\\amazon\\\\functions\\\\node_modules\\\\firebase-functions\\\\lib\\\\index.js\"}}"}}
[debug] [2022-08-31T01:49:58.681Z] [runtime-status] [21804] Resolved module firebase-functions {"declared":true,"installed":true,"version":"3.22.0","resolution":"C:\\Users\\melka\\OneDrive\\Desktop\\evangadi\\phase_3\\Amazon-Project\\amazon\\functions\\node_modules\\firebase-functions\\lib\\index.js"} {"metadata":{"emulator":{"name":"functions"},"function":{"name":"us-central1-api"},"extension":{},"message":"[runtime-status] [21804] Resolved module firebase-functions {\"declared\":true,\"installed\":true,\"version\":\"3.22.0\",\"resolution\":\"C:\\\\Users\\\\melka\\\\OneDrive\\\\Desktop\\\\evangadi\\\\phase_3\\\\Amazon-Project\\\\amazon\\\\functions\\\\node_modules\\\\firebase-functions\\\\lib\\\\index.js\"}"}}
[debug] [2022-08-31T01:49:58.682Z] [runtime-status] [21804] Resolved module firebase-admin {"declared":true,"installed":true,"version":"10.3.0","resolution":"C:\\Users\\melka\\OneDrive\\Desktop\\evangadi\\phase_3\\Amazon-Project\\amazon\\functions\\node_modules\\firebase-admin\\lib\\index.js"} {"metadata":{"emulator":{"name":"functions"},"function":{"name":"us-central1-api"},"extension":{},"message":"[runtime-status] [21804] Resolved module firebase-admin {\"declared\":true,\"installed\":true,\"version\":\"10.3.0\",\"resolution\":\"C:\\\\Users\\\\melka\\\\OneDrive\\\\Desktop\\\\evangadi\\\\phase_3\\\\Amazon-Project\\\\amazon\\\\functions\\\\node_modules\\\\firebase-admin\\\\lib\\\\index.js\"}"}}
[debug] [2022-08-31T01:49:58.683Z] [runtime-status] [21804] Resolved module firebase-functions {"declared":true,"installed":true,"version":"3.22.0","resolution":"C:\\Users\\melka\\OneDrive\\Desktop\\evangadi\\phase_3\\Amazon-Project\\amazon\\functions\\node_modules\\firebase-functions\\lib\\index.js"} {"metadata":{"emulator":{"name":"functions"},"function":{"name":"us-central1-api"},"extension":{},"message":"[runtime-status] [21804] Resolved module firebase-functions {\"declared\":true,\"installed\":true,\"version\":\"3.22.0\",\"resolution\":\"C:\\\\Users\\\\melka\\\\OneDrive\\\\Desktop\\\\evangadi\\\\phase_3\\\\Amazon-Project\\\\amazon\\\\functions\\\\node_modules\\\\firebase-functions\\\\lib\\\\index.js\"}"}}
[debug] [2022-08-31T01:49:58.683Z] [runtime-status] [21804] firebase-admin has been stubbed. {"adminResolution":{"declared":true,"installed":true,"version":"10.3.0","resolution":"C:\\Users\\melka\\OneDrive\\Desktop\\evangadi\\phase_3\\Amazon-Project\\amazon\\functions\\node_modules\\firebase-admin\\lib\\index.js"}} {"metadata":{"emulator":{"name":"functions"},"function":{"name":"us-central1-api"},"extension":{},"message":"[runtime-status] [21804] firebase-admin has been stubbed. {\"adminResolution\":{\"declared\":true,\"installed\":true,\"version\":\"10.3.0\",\"resolution\":\"C:\\\\Users\\\\melka\\\\OneDrive\\\\Desktop\\\\evangadi\\\\phase_3\\\\Amazon-Project\\\\amazon\\\\functions\\\\node_modules\\\\firebase-admin\\\\lib\\\\index.js\"}}"}}
[debug] [2022-08-31T01:49:58.683Z] [runtime-status] [21804] Functions runtime initialized. {"cwd":"C:\\Users\\melka\\OneDrive\\Desktop\\evangadi\\phase_3\\Amazon-Project\\amazon\\functions","node_version":"16.15.1"} {"metadata":{"emulator":{"name":"functions"},"function":{"name":"us-central1-api"},"extension":{},"message":"[runtime-status] [21804] Functions runtime initialized. {\"cwd\":\"C:\\\\Users\\\\melka\\\\OneDrive\\\\Desktop\\\\evangadi\\\\phase_3\\\\Amazon-Project\\\\amazon\\\\functions\",\"node_version\":\"16.15.1\"}"}}
[debug] [2022-08-31T01:49:58.890Z] [runtime-status] [21804] Beginning invocation function api! {"metadata":{"emulator":{"name":"functions"},"function":{"name":"us-central1-api"},"extension":{},"message":"[runtime-status] [21804] Beginning invocation function api!"}}
[info] i  functions: Beginning execution of "api" {"metadata":{"emulator":{"name":"functions"},"function":{"name":"us-central1-api"},"extension":{},"message":"Beginning execution of \"api\""}}
[debug] [2022-08-31T01:49:58.891Z] [runtime-status] [21804] Running api in signature http {"metadata":{"emulator":{"name":"functions"},"function":{"name":"us-central1-api"},"extension":{},"message":"[runtime-status] [21804] Running api in signature http"}}
[debug] [2022-08-31T01:49:58.896Z] [runtime-status] [21804] Listening to port: \\?\pipe\fire_emu_cc6a3152992ab981 {"metadata":{"emulator":{"name":"functions"},"function":{"name":"us-central1-api"},"extension":{},"message":"[runtime-status] [21804] Listening to port: \\\\?\\pipe\\fire_emu_cc6a3152992ab981"}}
[debug] [2022-08-31T01:49:58.940Z] [functions] Runtime ready! Sending request! {"metadata":{"emulator":{"name":"functions"},"message":"[functions] Runtime ready! Sending request!"}}
[debug] [2022-08-31T01:49:58.941Z] [functions] Got req.url=/fir-f9698/us-central1/api/payments/create?total=83398, mapping to path=/payments/create?total=83398 {"metadata":{"emulator":{"name":"functions"},"message":"[functions] Got req.url=/fir-f9698/us-central1/api/payments/create?total=83398, mapping to path=/payments/create?total=83398"}}
[debug] [2022-08-31T01:49:58.945Z] [runtime-status] [21804] Ephemeral server handling POST request {"metadata":{"emulator":{"name":"functions"},"function":{"name":"us-central1-api"},"extension":{},"message":"[runtime-status] [21804] Ephemeral server handling POST request"}}
[info] >  Payment Request Recieved for this amount >>>  83398 {"user":"Payment Request Recieved for this amount >>>  83398","metadata":{"emulator":{"name":"functions"},"function":{"name":"us-central1-api"},"extension":{},"message":"\u001b[90m> \u001b[39m Payment Request Recieved for this amount >>>  83398"}}
[debug] [2022-08-31T01:49:58.962Z] [runtime-status] [21804] Ephemeral server survived. {"metadata":{"emulator":{"name":"functions"},"function":{"name":"us-central1-api"},"extension":{},"message":"[runtime-status] [21804] Ephemeral server survived."}}
[info] i  functions: Finished "api" in ~1s {"metadata":{"emulator":{"name":"functions"},"function":{"name":"us-central1-api"},"extension":{},"message":"Finished \"api\" in ~1s"}}
[debug] [2022-08-31T01:49:59.552Z] [worker-us-central1-api-456054fe-1839-406d-8053-81c2847cc277]: IDLE {"metadata":{"emulator":{"name":"functions"},"message":"[worker-us-central1-api-456054fe-1839-406d-8053-81c2847cc277]: IDLE"}}
[debug] [2022-08-31T01:49:59.553Z] [work-queue] {"queueLength":0,"workRunningCount":0}
[debug] [2022-08-31T01:56:49.596Z] [work-queue] {"queueLength":1,"workRunningCount":0}
[debug] [2022-08-31T01:56:49.597Z] [work-queue] {"queueLength":0,"workRunningCount":1}
[debug] [2022-08-31T01:56:49.597Z] Accepted request POST /fir-f9698/us-central1/api/payments/create?total=1599 --> us-central1-api
[debug] [2022-08-31T01:56:49.597Z] [worker-pool] submitWork(triggerId=us-central1-api) {"metadata":{"emulator":{"name":"functions"},"message":"[worker-pool] submitWork(triggerId=us-central1-api)"}}
[debug] [2022-08-31T01:56:49.597Z] [worker-us-central1-api-456054fe-1839-406d-8053-81c2847cc277]: BUSY {"metadata":{"emulator":{"name":"functions"},"message":"[worker-us-central1-api-456054fe-1839-406d-8053-81c2847cc277]: BUSY"}}
[debug] [2022-08-31T01:56:49.599Z] [work-queue] {"queueLength":1,"workRunningCount":1}
[debug] [2022-08-31T01:56:49.601Z] [work-queue] {"queueLength":0,"workRunningCount":2}
[debug] [2022-08-31T01:56:49.602Z] Accepted request POST /fir-f9698/us-central1/api/payments/create?total=1599 --> us-central1-api
[debug] [2022-08-31T01:56:49.892Z] [worker-pool] addWorker(us-central1-api) {"metadata":{"emulator":{"name":"functions"},"message":"[worker-pool] addWorker(us-central1-api)"}}
[debug] [2022-08-31T01:56:49.892Z] [worker-pool] Adding worker with key us-central1-api, total=2 {"metadata":{"emulator":{"name":"functions"},"message":"[worker-pool] Adding worker with key us-central1-api, total=2"}}
[debug] [2022-08-31T01:56:49.892Z] [worker-pool] submitWork(triggerId=us-central1-api) {"metadata":{"emulator":{"name":"functions"},"message":"[worker-pool] submitWork(triggerId=us-central1-api)"}}
[debug] [2022-08-31T01:56:49.892Z] [worker-us-central1-api-345324c7-6e67-401a-a53d-6025f336a13e]: BUSY {"metadata":{"emulator":{"name":"functions"},"message":"[worker-us-central1-api-345324c7-6e67-401a-a53d-6025f336a13e]: BUSY"}}
[debug] [2022-08-31T01:56:49.894Z] [runtime-status] [21804] Beginning invocation function api! {"metadata":{"emulator":{"name":"functions"},"function":{"name":"us-central1-api"},"extension":{},"message":"[runtime-status] [21804] Beginning invocation function api!"}}
[info] i  functions: Beginning execution of "api" {"metadata":{"emulator":{"name":"functions"},"function":{"name":"us-central1-api"},"extension":{},"message":"Beginning execution of \"api\""}}
[debug] [2022-08-31T01:56:49.895Z] [runtime-status] [21804] Running api in signature http {"metadata":{"emulator":{"name":"functions"},"function":{"name":"us-central1-api"},"extension":{},"message":"[runtime-status] [21804] Running api in signature http"}}
[debug] [2022-08-31T01:56:49.896Z] [runtime-status] [21804] Listening to port: \\?\pipe\fire_emu_cc6a3152992ab981 {"metadata":{"emulator":{"name":"functions"},"function":{"name":"us-central1-api"},"extension":{},"message":"[runtime-status] [21804] Listening to port: \\\\?\\pipe\\fire_emu_cc6a3152992ab981"}}
[debug] [2022-08-31T01:56:49.908Z] [functions] Runtime ready! Sending request! {"metadata":{"emulator":{"name":"functions"},"message":"[functions] Runtime ready! Sending request!"}}
[debug] [2022-08-31T01:56:49.908Z] [functions] Got req.url=/fir-f9698/us-central1/api/payments/create?total=1599, mapping to path=/payments/create?total=1599 {"metadata":{"emulator":{"name":"functions"},"message":"[functions] Got req.url=/fir-f9698/us-central1/api/payments/create?total=1599, mapping to path=/payments/create?total=1599"}}
[debug] [2022-08-31T01:56:49.912Z] [runtime-status] [21804] Ephemeral server handling POST request {"metadata":{"emulator":{"name":"functions"},"function":{"name":"us-central1-api"},"extension":{},"message":"[runtime-status] [21804] Ephemeral server handling POST request"}}
[info] >  Payment Request Recieved for this amount >>>  1599 {"user":"Payment Request Recieved for this amount >>>  1599","metadata":{"emulator":{"name":"functions"},"function":{"name":"us-central1-api"},"extension":{},"message":"\u001b[90m> \u001b[39m Payment Request Recieved for this amount >>>  1599"}}
[debug] [2022-08-31T01:56:49.917Z] [runtime-status] [21804] Ephemeral server survived. {"metadata":{"emulator":{"name":"functions"},"function":{"name":"us-central1-api"},"extension":{},"message":"[runtime-status] [21804] Ephemeral server survived."}}
[info] i  functions: Finished "api" in ~1s {"metadata":{"emulator":{"name":"functions"},"function":{"name":"us-central1-api"},"extension":{},"message":"Finished \"api\" in ~1s"}}
[debug] [2022-08-31T01:56:50.589Z] [worker-us-central1-api-456054fe-1839-406d-8053-81c2847cc277]: IDLE {"metadata":{"emulator":{"name":"functions"},"message":"[worker-us-central1-api-456054fe-1839-406d-8053-81c2847cc277]: IDLE"}}
[debug] [2022-08-31T01:56:50.589Z] [work-queue] {"queueLength":0,"workRunningCount":1}
[debug] [2022-08-31T01:56:51.998Z] [runtime-status] [11568] Resolved module firebase-admin {"declared":true,"installed":true,"version":"10.3.0","resolution":"C:\\Users\\melka\\OneDrive\\Desktop\\evangadi\\phase_3\\Amazon-Project\\amazon\\functions\\node_modules\\firebase-admin\\lib\\index.js"} {"metadata":{"emulator":{"name":"functions"},"function":{"name":"us-central1-api"},"extension":{},"message":"[runtime-status] [11568] Resolved module firebase-admin {\"declared\":true,\"installed\":true,\"version\":\"10.3.0\",\"resolution\":\"C:\\\\Users\\\\melka\\\\OneDrive\\\\Desktop\\\\evangadi\\\\phase_3\\\\Amazon-Project\\\\amazon\\\\functions\\\\node_modules\\\\firebase-admin\\\\lib\\\\index.js\"}"}}
[debug] [2022-08-31T01:56:52.000Z] [runtime-status] [11568] Resolved module firebase-functions {"declared":true,"installed":true,"version":"3.22.0","resolution":"C:\\Users\\melka\\OneDrive\\Desktop\\evangadi\\phase_3\\Amazon-Project\\amazon\\functions\\node_modules\\firebase-functions\\lib\\index.js"} {"metadata":{"emulator":{"name":"functions"},"function":{"name":"us-central1-api"},"extension":{},"message":"[runtime-status] [11568] Resolved module firebase-functions {\"declared\":true,\"installed\":true,\"version\":\"3.22.0\",\"resolution\":\"C:\\\\Users\\\\melka\\\\OneDrive\\\\Desktop\\\\evangadi\\\\phase_3\\\\Amazon-Project\\\\amazon\\\\functions\\\\node_modules\\\\firebase-functions\\\\lib\\\\index.js\"}"}}
[debug] [2022-08-31T01:56:52.001Z] [runtime-status] [11568] Outgoing network have been stubbed. [{"name":"http","status":"mocked"},{"name":"http","status":"mocked"},{"name":"https","status":"mocked"},{"name":"https","status":"mocked"},{"name":"net","status":"mocked"}] {"metadata":{"emulator":{"name":"functions"},"function":{"name":"us-central1-api"},"extension":{},"message":"[runtime-status] [11568] Outgoing network have been stubbed. [{\"name\":\"http\",\"status\":\"mocked\"},{\"name\":\"http\",\"status\":\"mocked\"},{\"name\":\"https\",\"status\":\"mocked\"},{\"name\":\"https\",\"status\":\"mocked\"},{\"name\":\"net\",\"status\":\"mocked\"}]"}}
[debug] [2022-08-31T01:56:52.001Z] [runtime-status] [11568] Resolved module firebase-functions {"declared":true,"installed":true,"version":"3.22.0","resolution":"C:\\Users\\melka\\OneDrive\\Desktop\\evangadi\\phase_3\\Amazon-Project\\amazon\\functions\\node_modules\\firebase-functions\\lib\\index.js"} {"metadata":{"emulator":{"name":"functions"},"function":{"name":"us-central1-api"},"extension":{},"message":"[runtime-status] [11568] Resolved module firebase-functions {\"declared\":true,\"installed\":true,\"version\":\"3.22.0\",\"resolution\":\"C:\\\\Users\\\\melka\\\\OneDrive\\\\Desktop\\\\evangadi\\\\phase_3\\\\Amazon-Project\\\\amazon\\\\functions\\\\node_modules\\\\firebase-functions\\\\lib\\\\index.js\"}"}}
[debug] [2022-08-31T01:56:52.085Z] [runtime-status] [11568] Checked functions.config() {"config":{}} {"metadata":{"emulator":{"name":"functions"},"function":{"name":"us-central1-api"},"extension":{},"message":"[runtime-status] [11568] Checked functions.config() {\"config\":{}}"}}
[debug] [2022-08-31T01:56:52.085Z] [runtime-status] [11568] firebase-functions has been stubbed. {"functionsResolution":{"declared":true,"installed":true,"version":"3.22.0","resolution":"C:\\Users\\melka\\OneDrive\\Desktop\\evangadi\\phase_3\\Amazon-Project\\amazon\\functions\\node_modules\\firebase-functions\\lib\\index.js"}} {"metadata":{"emulator":{"name":"functions"},"function":{"name":"us-central1-api"},"extension":{},"message":"[runtime-status] [11568] firebase-functions has been stubbed. {\"functionsResolution\":{\"declared\":true,\"installed\":true,\"version\":\"3.22.0\",\"resolution\":\"C:\\\\Users\\\\melka\\\\OneDrive\\\\Desktop\\\\evangadi\\\\phase_3\\\\Amazon-Project\\\\amazon\\\\functions\\\\node_modules\\\\firebase-functions\\\\lib\\\\index.js\"}}"}}
[debug] [2022-08-31T01:56:52.086Z] [runtime-status] [11568] Resolved module firebase-functions {"declared":true,"installed":true,"version":"3.22.0","resolution":"C:\\Users\\melka\\OneDrive\\Desktop\\evangadi\\phase_3\\Amazon-Project\\amazon\\functions\\node_modules\\firebase-functions\\lib\\index.js"} {"metadata":{"emulator":{"name":"functions"},"function":{"name":"us-central1-api"},"extension":{},"message":"[runtime-status] [11568] Resolved module firebase-functions {\"declared\":true,\"installed\":true,\"version\":\"3.22.0\",\"resolution\":\"C:\\\\Users\\\\melka\\\\OneDrive\\\\Desktop\\\\evangadi\\\\phase_3\\\\Amazon-Project\\\\amazon\\\\functions\\\\node_modules\\\\firebase-functions\\\\lib\\\\index.js\"}"}}
[debug] [2022-08-31T01:56:52.087Z] [runtime-status] [11568] Resolved module firebase-admin {"declared":true,"installed":true,"version":"10.3.0","resolution":"C:\\Users\\melka\\OneDrive\\Desktop\\evangadi\\phase_3\\Amazon-Project\\amazon\\functions\\node_modules\\firebase-admin\\lib\\index.js"} {"metadata":{"emulator":{"name":"functions"},"function":{"name":"us-central1-api"},"extension":{},"message":"[runtime-status] [11568] Resolved module firebase-admin {\"declared\":true,\"installed\":true,\"version\":\"10.3.0\",\"resolution\":\"C:\\\\Users\\\\melka\\\\OneDrive\\\\Desktop\\\\evangadi\\\\phase_3\\\\Amazon-Project\\\\amazon\\\\functions\\\\node_modules\\\\firebase-admin\\\\lib\\\\index.js\"}"}}
[debug] [2022-08-31T01:56:52.088Z] [runtime-status] [11568] Resolved module firebase-functions {"declared":true,"installed":true,"version":"3.22.0","resolution":"C:\\Users\\melka\\OneDrive\\Desktop\\evangadi\\phase_3\\Amazon-Project\\amazon\\functions\\node_modules\\firebase-functions\\lib\\index.js"} {"metadata":{"emulator":{"name":"functions"},"function":{"name":"us-central1-api"},"extension":{},"message":"[runtime-status] [11568] Resolved module firebase-functions {\"declared\":true,\"installed\":true,\"version\":\"3.22.0\",\"resolution\":\"C:\\\\Users\\\\melka\\\\OneDrive\\\\Desktop\\\\evangadi\\\\phase_3\\\\Amazon-Project\\\\amazon\\\\functions\\\\node_modules\\\\firebase-functions\\\\lib\\\\index.js\"}"}}
[debug] [2022-08-31T01:56:52.089Z] [runtime-status] [11568] firebase-admin has been stubbed. {"adminResolution":{"declared":true,"installed":true,"version":"10.3.0","resolution":"C:\\Users\\melka\\OneDrive\\Desktop\\evangadi\\phase_3\\Amazon-Project\\amazon\\functions\\node_modules\\firebase-admin\\lib\\index.js"}} {"metadata":{"emulator":{"name":"functions"},"function":{"name":"us-central1-api"},"extension":{},"message":"[runtime-status] [11568] firebase-admin has been stubbed. {\"adminResolution\":{\"declared\":true,\"installed\":true,\"version\":\"10.3.0\",\"resolution\":\"C:\\\\Users\\\\melka\\\\OneDrive\\\\Desktop\\\\evangadi\\\\phase_3\\\\Amazon-Project\\\\amazon\\\\functions\\\\node_modules\\\\firebase-admin\\\\lib\\\\index.js\"}}"}}
[debug] [2022-08-31T01:56:52.089Z] [runtime-status] [11568] Functions runtime initialized. {"cwd":"C:\\Users\\melka\\OneDrive\\Desktop\\evangadi\\phase_3\\Amazon-Project\\amazon\\functions","node_version":"16.15.1"} {"metadata":{"emulator":{"name":"functions"},"function":{"name":"us-central1-api"},"extension":{},"message":"[runtime-status] [11568] Functions runtime initialized. {\"cwd\":\"C:\\\\Users\\\\melka\\\\OneDrive\\\\Desktop\\\\evangadi\\\\phase_3\\\\Amazon-Project\\\\amazon\\\\functions\",\"node_version\":\"16.15.1\"}"}}
[debug] [2022-08-31T01:56:52.376Z] [runtime-status] [11568] Beginning invocation function api! {"metadata":{"emulator":{"name":"functions"},"function":{"name":"us-central1-api"},"extension":{},"message":"[runtime-status] [11568] Beginning invocation function api!"}}
[info] i  functions: Beginning execution of "api" {"metadata":{"emulator":{"name":"functions"},"function":{"name":"us-central1-api"},"extension":{},"message":"Beginning execution of \"api\""}}
[debug] [2022-08-31T01:56:52.381Z] [runtime-status] [11568] Running api in signature http {"metadata":{"emulator":{"name":"functions"},"function":{"name":"us-central1-api"},"extension":{},"message":"[runtime-status] [11568] Running api in signature http"}}
[debug] [2022-08-31T01:56:52.385Z] [runtime-status] [11568] Listening to port: \\?\pipe\fire_emu_af95b481678d39a4 {"metadata":{"emulator":{"name":"functions"},"function":{"name":"us-central1-api"},"extension":{},"message":"[runtime-status] [11568] Listening to port: \\\\?\\pipe\\fire_emu_af95b481678d39a4"}}
[debug] [2022-08-31T01:56:52.445Z] [functions] Runtime ready! Sending request! {"metadata":{"emulator":{"name":"functions"},"message":"[functions] Runtime ready! Sending request!"}}
[debug] [2022-08-31T01:56:52.445Z] [functions] Got req.url=/fir-f9698/us-central1/api/payments/create?total=1599, mapping to path=/payments/create?total=1599 {"metadata":{"emulator":{"name":"functions"},"message":"[functions] Got req.url=/fir-f9698/us-central1/api/payments/create?total=1599, mapping to path=/payments/create?total=1599"}}
[debug] [2022-08-31T01:56:52.450Z] [runtime-status] [11568] Ephemeral server handling POST request {"metadata":{"emulator":{"name":"functions"},"function":{"name":"us-central1-api"},"extension":{},"message":"[runtime-status] [11568] Ephemeral server handling POST request"}}
[info] >  Payment Request Recieved for this amount >>>  1599 {"user":"Payment Request Recieved for this amount >>>  1599","metadata":{"emulator":{"name":"functions"},"function":{"name":"us-central1-api"},"extension":{},"message":"\u001b[90m> \u001b[39m Payment Request Recieved for this amount >>>  1599"}}
[debug] [2022-08-31T01:56:52.477Z] [runtime-status] [11568] Ephemeral server survived. {"metadata":{"emulator":{"name":"functions"},"function":{"name":"us-central1-api"},"extension":{},"message":"[runtime-status] [11568] Ephemeral server survived."}}
[info] i  functions: Finished "api" in ~1s {"metadata":{"emulator":{"name":"functions"},"function":{"name":"us-central1-api"},"extension":{},"message":"Finished \"api\" in ~1s"}}
[debug] [2022-08-31T01:56:53.111Z] [worker-us-central1-api-345324c7-6e67-401a-a53d-6025f336a13e]: IDLE {"metadata":{"emulator":{"name":"functions"},"message":"[worker-us-central1-api-345324c7-6e67-401a-a53d-6025f336a13e]: IDLE"}}
[debug] [2022-08-31T01:56:53.112Z] [work-queue] {"queueLength":0,"workRunningCount":0}
[debug] [2022-08-31T02:01:46.822Z] [work-queue] {"queueLength":1,"workRunningCount":0}
[debug] [2022-08-31T02:01:46.823Z] [work-queue] {"queueLength":0,"workRunningCount":1}
[debug] [2022-08-31T02:01:46.823Z] Accepted request POST /fir-f9698/us-central1/api/payments/create?total=11025 --> us-central1-api
[debug] [2022-08-31T02:01:46.823Z] [worker-pool] submitWork(triggerId=us-central1-api) {"metadata":{"emulator":{"name":"functions"},"message":"[worker-pool] submitWork(triggerId=us-central1-api)"}}
[debug] [2022-08-31T02:01:46.823Z] [worker-us-central1-api-456054fe-1839-406d-8053-81c2847cc277]: BUSY {"metadata":{"emulator":{"name":"functions"},"message":"[worker-us-central1-api-456054fe-1839-406d-8053-81c2847cc277]: BUSY"}}
[debug] [2022-08-31T02:01:46.825Z] [work-queue] {"queueLength":1,"workRunningCount":1}
[debug] [2022-08-31T02:01:46.825Z] [work-queue] {"queueLength":0,"workRunningCount":2}
[debug] [2022-08-31T02:01:46.825Z] Accepted request POST /fir-f9698/us-central1/api/payments/create?total=11025 --> us-central1-api
[debug] [2022-08-31T02:01:46.825Z] [worker-pool] submitWork(triggerId=us-central1-api) {"metadata":{"emulator":{"name":"functions"},"message":"[worker-pool] submitWork(triggerId=us-central1-api)"}}
[debug] [2022-08-31T02:01:46.826Z] [worker-us-central1-api-345324c7-6e67-401a-a53d-6025f336a13e]: BUSY {"metadata":{"emulator":{"name":"functions"},"message":"[worker-us-central1-api-345324c7-6e67-401a-a53d-6025f336a13e]: BUSY"}}
[debug] [2022-08-31T02:01:46.826Z] [runtime-status] [21804] Beginning invocation function api! {"metadata":{"emulator":{"name":"functions"},"function":{"name":"us-central1-api"},"extension":{},"message":"[runtime-status] [21804] Beginning invocation function api!"}}
[info] i  functions: Beginning execution of "api" {"metadata":{"emulator":{"name":"functions"},"function":{"name":"us-central1-api"},"extension":{},"message":"Beginning execution of \"api\""}}
[debug] [2022-08-31T02:01:46.827Z] [runtime-status] [21804] Running api in signature http {"metadata":{"emulator":{"name":"functions"},"function":{"name":"us-central1-api"},"extension":{},"message":"[runtime-status] [21804] Running api in signature http"}}
[debug] [2022-08-31T02:01:46.827Z] [runtime-status] [21804] Listening to port: \\?\pipe\fire_emu_cc6a3152992ab981 {"metadata":{"emulator":{"name":"functions"},"function":{"name":"us-central1-api"},"extension":{},"message":"[runtime-status] [21804] Listening to port: \\\\?\\pipe\\fire_emu_cc6a3152992ab981"}}
[debug] [2022-08-31T02:01:46.828Z] [runtime-status] [11568] Beginning invocation function api! {"metadata":{"emulator":{"name":"functions"},"function":{"name":"us-central1-api"},"extension":{},"message":"[runtime-status] [11568] Beginning invocation function api!"}}
[info] i  functions: Beginning execution of "api" {"metadata":{"emulator":{"name":"functions"},"function":{"name":"us-central1-api"},"extension":{},"message":"Beginning execution of \"api\""}}
[debug] [2022-08-31T02:01:46.829Z] [runtime-status] [11568] Running api in signature http {"metadata":{"emulator":{"name":"functions"},"function":{"name":"us-central1-api"},"extension":{},"message":"[runtime-status] [11568] Running api in signature http"}}
[debug] [2022-08-31T02:01:46.829Z] [runtime-status] [11568] Listening to port: \\?\pipe\fire_emu_af95b481678d39a4 {"metadata":{"emulator":{"name":"functions"},"function":{"name":"us-central1-api"},"extension":{},"message":"[runtime-status] [11568] Listening to port: \\\\?\\pipe\\fire_emu_af95b481678d39a4"}}
[debug] [2022-08-31T02:01:46.932Z] [functions] Runtime ready! Sending request! {"metadata":{"emulator":{"name":"functions"},"message":"[functions] Runtime ready! Sending request!"}}
[debug] [2022-08-31T02:01:46.933Z] [functions] Got req.url=/fir-f9698/us-central1/api/payments/create?total=11025, mapping to path=/payments/create?total=11025 {"metadata":{"emulator":{"name":"functions"},"message":"[functions] Got req.url=/fir-f9698/us-central1/api/payments/create?total=11025, mapping to path=/payments/create?total=11025"}}
[debug] [2022-08-31T02:01:46.936Z] [runtime-status] [21804] Ephemeral server handling POST request {"metadata":{"emulator":{"name":"functions"},"function":{"name":"us-central1-api"},"extension":{},"message":"[runtime-status] [21804] Ephemeral server handling POST request"}}
[debug] [2022-08-31T02:01:46.942Z] [functions] Runtime ready! Sending request! {"metadata":{"emulator":{"name":"functions"},"message":"[functions] Runtime ready! Sending request!"}}
[debug] [2022-08-31T02:01:46.942Z] [functions] Got req.url=/fir-f9698/us-central1/api/payments/create?total=11025, mapping to path=/payments/create?total=11025 {"metadata":{"emulator":{"name":"functions"},"message":"[functions] Got req.url=/fir-f9698/us-central1/api/payments/create?total=11025, mapping to path=/payments/create?total=11025"}}
[info] >  Payment Request Recieved for this amount >>>  11025 {"user":"Payment Request Recieved for this amount >>>  11025","metadata":{"emulator":{"name":"functions"},"function":{"name":"us-central1-api"},"extension":{},"message":"\u001b[90m> \u001b[39m Payment Request Recieved for this amount >>>  11025"}}
[debug] [2022-08-31T02:01:46.946Z] [runtime-status] [21804] Ephemeral server survived. {"metadata":{"emulator":{"name":"functions"},"function":{"name":"us-central1-api"},"extension":{},"message":"[runtime-status] [21804] Ephemeral server survived."}}
[debug] [2022-08-31T02:01:46.947Z] [runtime-status] [11568] Ephemeral server handling POST request {"metadata":{"emulator":{"name":"functions"},"function":{"name":"us-central1-api"},"extension":{},"message":"[runtime-status] [11568] Ephemeral server handling POST request"}}
[info] >  Payment Request Recieved for this amount >>>  11025 {"user":"Payment Request Recieved for this amount >>>  11025","metadata":{"emulator":{"name":"functions"},"function":{"name":"us-central1-api"},"extension":{},"message":"\u001b[90m> \u001b[39m Payment Request Recieved for this amount >>>  11025"}}
[debug] [2022-08-31T02:01:46.951Z] [runtime-status] [11568] Ephemeral server survived. {"metadata":{"emulator":{"name":"functions"},"function":{"name":"us-central1-api"},"extension":{},"message":"[runtime-status] [11568] Ephemeral server survived."}}
[info] i  functions: Finished "api" in ~1s {"metadata":{"emulator":{"name":"functions"},"function":{"name":"us-central1-api"},"extension":{},"message":"Finished \"api\" in ~1s"}}
[debug] [2022-08-31T02:01:47.388Z] [worker-us-central1-api-345324c7-6e67-401a-a53d-6025f336a13e]: IDLE {"metadata":{"emulator":{"name":"functions"},"message":"[worker-us-central1-api-345324c7-6e67-401a-a53d-6025f336a13e]: IDLE"}}
[debug] [2022-08-31T02:01:47.389Z] [work-queue] {"queueLength":0,"workRunningCount":1}
[info] i  functions: Finished "api" in ~1s {"metadata":{"emulator":{"name":"functions"},"function":{"name":"us-central1-api"},"extension":{},"message":"Finished \"api\" in ~1s"}}
[debug] [2022-08-31T02:01:47.444Z] [worker-us-central1-api-456054fe-1839-406d-8053-81c2847cc277]: IDLE {"metadata":{"emulator":{"name":"functions"},"message":"[worker-us-central1-api-456054fe-1839-406d-8053-81c2847cc277]: IDLE"}}
[debug] [2022-08-31T02:01:47.445Z] [work-queue] {"queueLength":0,"workRunningCount":0}
[debug] [2022-08-31T02:27:13.592Z] [work-queue] {"queueLength":1,"workRunningCount":0}
[debug] [2022-08-31T02:27:13.593Z] [work-queue] {"queueLength":0,"workRunningCount":1}
[debug] [2022-08-31T02:27:13.593Z] Accepted request POST /fir-f9698/us-central1/api/payments/create?total=31401 --> us-central1-api
[debug] [2022-08-31T02:27:13.593Z] [worker-pool] submitWork(triggerId=us-central1-api) {"metadata":{"emulator":{"name":"functions"},"message":"[worker-pool] submitWork(triggerId=us-central1-api)"}}
[debug] [2022-08-31T02:27:13.594Z] [worker-us-central1-api-456054fe-1839-406d-8053-81c2847cc277]: BUSY {"metadata":{"emulator":{"name":"functions"},"message":"[worker-us-central1-api-456054fe-1839-406d-8053-81c2847cc277]: BUSY"}}
[debug] [2022-08-31T02:27:13.596Z] [work-queue] {"queueLength":1,"workRunningCount":1}
[debug] [2022-08-31T02:27:13.597Z] [work-queue] {"queueLength":0,"workRunningCount":2}
[debug] [2022-08-31T02:27:13.597Z] Accepted request POST /fir-f9698/us-central1/api/payments/create?total=31401 --> us-central1-api
[debug] [2022-08-31T02:27:13.597Z] [worker-pool] submitWork(triggerId=us-central1-api) {"metadata":{"emulator":{"name":"functions"},"message":"[worker-pool] submitWork(triggerId=us-central1-api)"}}
[debug] [2022-08-31T02:27:13.597Z] [worker-us-central1-api-345324c7-6e67-401a-a53d-6025f336a13e]: BUSY {"metadata":{"emulator":{"name":"functions"},"message":"[worker-us-central1-api-345324c7-6e67-401a-a53d-6025f336a13e]: BUSY"}}
[debug] [2022-08-31T02:27:13.600Z] [runtime-status] [21804] Beginning invocation function api! {"metadata":{"emulator":{"name":"functions"},"function":{"name":"us-central1-api"},"extension":{},"message":"[runtime-status] [21804] Beginning invocation function api!"}}
[info] i  functions: Beginning execution of "api" {"metadata":{"emulator":{"name":"functions"},"function":{"name":"us-central1-api"},"extension":{},"message":"Beginning execution of \"api\""}}
[debug] [2022-08-31T02:27:13.601Z] [runtime-status] [21804] Running api in signature http {"metadata":{"emulator":{"name":"functions"},"function":{"name":"us-central1-api"},"extension":{},"message":"[runtime-status] [21804] Running api in signature http"}}
[debug] [2022-08-31T02:27:13.610Z] [runtime-status] [11568] Beginning invocation function api! {"metadata":{"emulator":{"name":"functions"},"function":{"name":"us-central1-api"},"extension":{},"message":"[runtime-status] [11568] Beginning invocation function api!"}}
[info] i  functions: Beginning execution of "api" {"metadata":{"emulator":{"name":"functions"},"function":{"name":"us-central1-api"},"extension":{},"message":"Beginning execution of \"api\""}}
[debug] [2022-08-31T02:27:13.612Z] [runtime-status] [11568] Running api in signature http {"metadata":{"emulator":{"name":"functions"},"function":{"name":"us-central1-api"},"extension":{},"message":"[runtime-status] [11568] Running api in signature http"}}
[debug] [2022-08-31T02:27:13.622Z] [runtime-status] [11568] Listening to port: \\?\pipe\fire_emu_af95b481678d39a4 {"metadata":{"emulator":{"name":"functions"},"function":{"name":"us-central1-api"},"extension":{},"message":"[runtime-status] [11568] Listening to port: \\\\?\\pipe\\fire_emu_af95b481678d39a4"}}
[debug] [2022-08-31T02:27:13.629Z] [runtime-status] [21804] Listening to port: \\?\pipe\fire_emu_cc6a3152992ab981 {"metadata":{"emulator":{"name":"functions"},"function":{"name":"us-central1-api"},"extension":{},"message":"[runtime-status] [21804] Listening to port: \\\\?\\pipe\\fire_emu_cc6a3152992ab981"}}
[debug] [2022-08-31T02:27:13.711Z] [functions] Runtime ready! Sending request! {"metadata":{"emulator":{"name":"functions"},"message":"[functions] Runtime ready! Sending request!"}}
[debug] [2022-08-31T02:27:13.712Z] [functions] Got req.url=/fir-f9698/us-central1/api/payments/create?total=31401, mapping to path=/payments/create?total=31401 {"metadata":{"emulator":{"name":"functions"},"message":"[functions] Got req.url=/fir-f9698/us-central1/api/payments/create?total=31401, mapping to path=/payments/create?total=31401"}}
[debug] [2022-08-31T02:27:13.716Z] [runtime-status] [21804] Ephemeral server handling POST request {"metadata":{"emulator":{"name":"functions"},"function":{"name":"us-central1-api"},"extension":{},"message":"[runtime-status] [21804] Ephemeral server handling POST request"}}
[debug] [2022-08-31T02:27:13.724Z] [functions] Runtime ready! Sending request! {"metadata":{"emulator":{"name":"functions"},"message":"[functions] Runtime ready! Sending request!"}}
[debug] [2022-08-31T02:27:13.725Z] [functions] Got req.url=/fir-f9698/us-central1/api/payments/create?total=31401, mapping to path=/payments/create?total=31401 {"metadata":{"emulator":{"name":"functions"},"message":"[functions] Got req.url=/fir-f9698/us-central1/api/payments/create?total=31401, mapping to path=/payments/create?total=31401"}}
[info] >  Payment Request Recieved for this amount >>>  31401 {"user":"Payment Request Recieved for this amount >>>  31401","metadata":{"emulator":{"name":"functions"},"function":{"name":"us-central1-api"},"extension":{},"message":"\u001b[90m> \u001b[39m Payment Request Recieved for this amount >>>  31401"}}
[debug] [2022-08-31T02:27:13.736Z] [runtime-status] [21804] Ephemeral server survived. {"metadata":{"emulator":{"name":"functions"},"function":{"name":"us-central1-api"},"extension":{},"message":"[runtime-status] [21804] Ephemeral server survived."}}
[debug] [2022-08-31T02:27:13.736Z] [runtime-status] [11568] Ephemeral server handling POST request {"metadata":{"emulator":{"name":"functions"},"function":{"name":"us-central1-api"},"extension":{},"message":"[runtime-status] [11568] Ephemeral server handling POST request"}}
[info] >  Payment Request Recieved for this amount >>>  31401 {"user":"Payment Request Recieved for this amount >>>  31401","metadata":{"emulator":{"name":"functions"},"function":{"name":"us-central1-api"},"extension":{},"message":"\u001b[90m> \u001b[39m Payment Request Recieved for this amount >>>  31401"}}
[debug] [2022-08-31T02:27:13.745Z] [runtime-status] [11568] Ephemeral server survived. {"metadata":{"emulator":{"name":"functions"},"function":{"name":"us-central1-api"},"extension":{},"message":"[runtime-status] [11568] Ephemeral server survived."}}
[info] i  functions: Finished "api" in ~1s {"metadata":{"emulator":{"name":"functions"},"function":{"name":"us-central1-api"},"extension":{},"message":"Finished \"api\" in ~1s"}}
[debug] [2022-08-31T02:27:14.209Z] [worker-us-central1-api-456054fe-1839-406d-8053-81c2847cc277]: IDLE {"metadata":{"emulator":{"name":"functions"},"message":"[worker-us-central1-api-456054fe-1839-406d-8053-81c2847cc277]: IDLE"}}
[debug] [2022-08-31T02:27:14.210Z] [work-queue] {"queueLength":0,"workRunningCount":1}
[info] i  functions: Finished "api" in ~1s {"metadata":{"emulator":{"name":"functions"},"function":{"name":"us-central1-api"},"extension":{},"message":"Finished \"api\" in ~1s"}}
[debug] [2022-08-31T02:27:14.234Z] [worker-us-central1-api-345324c7-6e67-401a-a53d-6025f336a13e]: IDLE {"metadata":{"emulator":{"name":"functions"},"message":"[worker-us-central1-api-345324c7-6e67-401a-a53d-6025f336a13e]: IDLE"}}
[debug] [2022-08-31T02:27:14.235Z] [work-queue] {"queueLength":0,"workRunningCount":0}
[debug] [2022-08-31T21:16:27.042Z] [worker-us-central1-api-345324c7-6e67-401a-a53d-6025f336a13e]: exited {"metadata":{"emulator":{"name":"functions"},"message":"[worker-us-central1-api-345324c7-6e67-401a-a53d-6025f336a13e]: exited"}}
